INFO:sim:172 - Generating IP...
Applying current project options...
Finished applying current project options.
WARNING:sim - A core named 'dist_mem' already exists in the project. Output
   products for this core may be overwritten.
Resolving generics for 'dist_mem'...
WARNING:sim - A core named 'dist_mem' already exists in the project. Output
   products for this core may be overwritten.
Applying external generics to 'dist_mem'...
Delivering associated files for 'dist_mem'...
Delivering EJava files for 'dist_mem'...
Generating implementation netlist for 'dist_mem'...
INFO:sim - Pre-processing HDL files for 'dist_mem'...
Running synthesis for 'dist_mem'
Running ngcbuild...
Writing VEO instantiation template for 'dist_mem'...
Writing Verilog behavioral simulation model for 'dist_mem'...
Generating ASY schematic symbol...
INFO:sim:949 - Finished generation of ASY schematic symbol.
Generating SYM schematic symbol for 'dist_mem'...
Generating metadata file...
Generating ISE project...
XCO file found: dist_mem.xco
XMDF file found: dist_mem_xmdf.tcl
Adding C:/Users/yeltonwh/ClassWork/CSSE232/xilinx
projects/Chimpo/ipcore_dir/tmp/_cg/dist_mem.asy -view all -origin_type imported
Adding C:/Users/yeltonwh/ClassWork/CSSE232/xilinx
projects/Chimpo/ipcore_dir/tmp/_cg/dist_mem.ngc -view all -origin_type created
Checking file "C:/Users/yeltonwh/ClassWork/CSSE232/xilinx
projects/Chimpo/ipcore_dir/tmp/_cg/dist_mem.ngc" for project device match ...
File "C:/Users/yeltonwh/ClassWork/CSSE232/xilinx
projects/Chimpo/ipcore_dir/tmp/_cg/dist_mem.ngc" device information matches
project device.
Adding C:/Users/yeltonwh/ClassWork/CSSE232/xilinx
projects/Chimpo/ipcore_dir/tmp/_cg/dist_mem.sym -view all -origin_type imported
Adding C:/Users/yeltonwh/ClassWork/CSSE232/xilinx
projects/Chimpo/ipcore_dir/tmp/_cg/dist_mem.v -view all -origin_type created
INFO:HDLCompiler:1845 - Analyzing Verilog file
   "C:/Users/yeltonwh/ClassWork/CSSE232/xilinx
   projects/Chimpo/ipcore_dir/tmp/_cg/dist_mem.v" into library work
INFO:ProjectMgmt - Parsing design hierarchy completed successfully.
Adding C:/Users/yeltonwh/ClassWork/CSSE232/xilinx
projects/Chimpo/ipcore_dir/tmp/_cg/dist_mem.veo -view all -origin_type imported
Adding C:/Users/yeltonwh/ClassWork/CSSE232/xilinx
projects/Chimpo/ipcore_dir/tmp/_cg/dist_mem_gen_v6_3_readme.txt -view all
-origin_type imported
INFO:TclTasksC:2116 - The automatic calculation of top has been turned-off.
   Please set the new top explicitly by running the "project set top" command.
   To re-calculate the new top automatically, set the "Auto Implementation Top"
   property to true.
Top level has been set to "/dist_mem"
Generating README file...
Generating FLIST file...
INFO:sim:948 - Finished FLIST file generation.
Launching README viewer...
Moving files to output directory...
Finished moving files to output directory
Wrote CGP file for project 'dist_mem'.
