INFO:sim:172 - Generating IP...
Applying current project options...
Finished applying current project options.
Resolving generics for 'displayRom'...
WARNING:sim - A core named 'displayRom' already exists in the project. Output
   products for this core may be overwritten.
Applying external generics to 'displayRom'...
Delivering associated files for 'displayRom'...
Delivering EJava files for 'displayRom'...
Generating implementation netlist for 'displayRom'...
INFO:sim - Pre-processing HDL files for 'displayRom'...
Running synthesis for 'displayRom'
Running ngcbuild...
Writing VEO instantiation template for 'displayRom'...
Writing Verilog behavioral simulation model for 'displayRom'...
Generating ASY schematic symbol...
INFO:sim:949 - Finished generation of ASY schematic symbol.
Generating SYM schematic symbol for 'displayRom'...
Generating metadata file...
Generating ISE project...
XCO file found: displayRom.xco
XMDF file found: displayRom_xmdf.tcl
Adding
C:/Users/yeltonwh/ClassWork/CSSE232/1920b-csse232-lakempca-petersjl-stapler-yelt
onwh/Chimpo/tmp/_cg/displayRom.asy -view all -origin_type imported
Adding
C:/Users/yeltonwh/ClassWork/CSSE232/1920b-csse232-lakempca-petersjl-stapler-yelt
onwh/Chimpo/tmp/_cg/displayRom.ngc -view all -origin_type created
Checking file
"C:/Users/yeltonwh/ClassWork/CSSE232/1920b-csse232-lakempca-petersjl-stapler-yel
tonwh/Chimpo/tmp/_cg/displayRom.ngc" for project device match ...
File
"C:/Users/yeltonwh/ClassWork/CSSE232/1920b-csse232-lakempca-petersjl-stapler-yel
tonwh/Chimpo/tmp/_cg/displayRom.ngc" device information matches project device.
Adding
C:/Users/yeltonwh/ClassWork/CSSE232/1920b-csse232-lakempca-petersjl-stapler-yelt
onwh/Chimpo/tmp/_cg/displayRom.sym -view all -origin_type imported
Adding
C:/Users/yeltonwh/ClassWork/CSSE232/1920b-csse232-lakempca-petersjl-stapler-yelt
onwh/Chimpo/tmp/_cg/displayRom.v -view all -origin_type created
INFO:HDLCompiler:1845 - Analyzing Verilog file
   "C:/Users/yeltonwh/ClassWork/CSSE232/1920b-csse232-lakempca-petersjl-stapler-
   yeltonwh/Chimpo/tmp/_cg/displayRom.v" into library work
INFO:ProjectMgmt - Parsing design hierarchy completed successfully.
Adding
C:/Users/yeltonwh/ClassWork/CSSE232/1920b-csse232-lakempca-petersjl-stapler-yelt
onwh/Chimpo/tmp/_cg/displayRom.veo -view all -origin_type imported
Adding
C:/Users/yeltonwh/ClassWork/CSSE232/1920b-csse232-lakempca-petersjl-stapler-yelt
onwh/Chimpo/tmp/_cg/dist_mem_gen_v6_3_readme.txt -view all -origin_type imported
INFO:TclTasksC:2116 - The automatic calculation of top has been turned-off.
   Please set the new top explicitly by running the "project set top" command.
   To re-calculate the new top automatically, set the "Auto Implementation Top"
   property to true.
Top level has been set to "/displayRom"
Generating README file...
Generating FLIST file...
INFO:sim:948 - Finished FLIST file generation.
Moving files to output directory...
Finished moving files to output directory
Wrote CGP file for project 'displayRom'.
